 DnaSP  Ver. 6.12.03                        29 - octubre - 2025  01:40:33 p. m.
 ==============================================================================


 Gene Flow and Genetic Differentiation
 -------------------------------------

 Input Data File: C:\...\secuencias_ajuste_militaris.fas
 Number of Populations Included: 15
 Selected region: 1-300     Number of sites: 300
 Sites with alignment gaps are: Excluded
 Total sites (excluding alignment gaps): 129

 Population 1: P1_LM
   Number of sequences: 2
   Number of segregating sites, S: 1
   Number of haplotypes, h: 2
   Haplotype diversity, Hd: 1.00000
   Average number of differences, K: 1.00000
   Nucleotide diversity, Pi: 0.00775
   Nucleotide diversity with JC, PiJC: 0.00779

 Population 2: P2_VC
   Number of sequences: 6
   Number of segregating sites, S: 0
   Number of haplotypes, h: 1
   Haplotype diversity, Hd: 0.00000
   Average number of differences, K: 0.00000
   Nucleotide diversity, Pi: 0.00000
   Nucleotide diversity with JC, PiJC: 0.00000

 Population 3: P3_LP
   Number of sequences: 4
   Number of segregating sites, S: 1
   Number of haplotypes, h: 2
   Haplotype diversity, Hd: 0.50000
   Average number of differences, K: 0.50000
   Nucleotide diversity, Pi: 0.00388
   Nucleotide diversity with JC, PiJC: 0.00390

 Population 4: P4_BB
   Number of sequences: 2
   Number of segregating sites, S: 0
   Number of haplotypes, h: 1
   Haplotype diversity, Hd: 0.00000
   Average number of differences, K: 0.00000
   Nucleotide diversity, Pi: 0.00000
   Nucleotide diversity with JC, PiJC: 0.00000

 Population 5: P5_T
   Number of sequences: 2
   Number of segregating sites, S: 0
   Number of haplotypes, h: 1
   Haplotype diversity, Hd: 0.00000
   Average number of differences, K: 0.00000
   Nucleotide diversity, Pi: 0.00000
   Nucleotide diversity with JC, PiJC: 0.00000

 Population 6: P6_Q
   Number of sequences: 2
   Number of segregating sites, S: 1
   Number of haplotypes, h: 2
   Haplotype diversity, Hd: 1.00000
   Average number of differences, K: 1.00000
   Nucleotide diversity, Pi: 0.00775
   Nucleotide diversity with JC, PiJC: 0.00779

 Population 7: P8_C
   Number of sequences: 16
   Number of segregating sites, S: 3
   Number of haplotypes, h: 3
   Haplotype diversity, Hd: 0.34167
   Average number of differences, K: 0.59167
   Nucleotide diversity, Pi: 0.00459
   Nucleotide diversity with JC, PiJC: 0.00463

 Population 8: P9_MA
   Number of sequences: 5
   Number of segregating sites, S: 1
   Number of haplotypes, h: 2
   Haplotype diversity, Hd: 0.40000
   Average number of differences, K: 0.40000
   Nucleotide diversity, Pi: 0.00310
   Nucleotide diversity with JC, PiJC: 0.00312

 Population 9: P10_ET
   Number of sequences: 4
   Number of segregating sites, S: 0
   Number of haplotypes, h: 1
   Haplotype diversity, Hd: 0.00000
   Average number of differences, K: 0.00000
   Nucleotide diversity, Pi: 0.00000
   Nucleotide diversity with JC, PiJC: 0.00000

 Population 10: P11_ST
   Number of sequences: 4
   Number of segregating sites, S: 0
   Number of haplotypes, h: 1
   Haplotype diversity, Hd: 0.00000
   Average number of differences, K: 0.00000
   Nucleotide diversity, Pi: 0.00000
   Nucleotide diversity with JC, PiJC: 0.00000

 Population 11: P12_EC
   Number of sequences: 5
   Number of segregating sites, S: 0
   Number of haplotypes, h: 1
   Haplotype diversity, Hd: 0.00000
   Average number of differences, K: 0.00000
   Nucleotide diversity, Pi: 0.00000
   Nucleotide diversity with JC, PiJC: 0.00000

 Population 12: P13_SM
   Number of sequences: 2
   Number of segregating sites, S: 1
   Number of haplotypes, h: 2
   Haplotype diversity, Hd: 1.00000
   Average number of differences, K: 1.00000
   Nucleotide diversity, Pi: 0.00775
   Nucleotide diversity with JC, PiJC: 0.00779

 Population 13: P14_B
   Number of sequences: 3
   Number of segregating sites, S: 8
   Number of haplotypes, h: 3
   Haplotype diversity, Hd: 1.00000
   Average number of differences, K: 5.33333
   Nucleotide diversity, Pi: 0.04134
   Nucleotide diversity with JC, PiJC: 0.04280

 Population 14: P15_L
   Number of sequences: 4
   Number of segregating sites, S: 5
   Number of haplotypes, h: 4
   Haplotype diversity, Hd: 1.00000
   Average number of differences, K: 2.66667
   Nucleotide diversity, Pi: 0.02067
   Nucleotide diversity with JC, PiJC: 0.02103

 Population 15: P16_S
   Number of sequences: 5
   Number of segregating sites, S: 4
   Number of haplotypes, h: 4
   Haplotype diversity, Hd: 0.90000
   Average number of differences, K: 1.80000
   Nucleotide diversity, Pi: 0.01395
   Nucleotide diversity with JC, PiJC: 0.01412

 Total Data Estimates
   Number of sequences: 66
   Number of segregating sites, S: 20
   Number of haplotypes, h: 18
   Haplotype diversity, Hd: 0.79114
   Average number of nucleotide differences, Kt: 2.40793
   Nucleotide diversity, PiT: 0.01867

 =========== Genetic Differentiation Estimates ==========
  Chi-square (table), Chi2: 416.564   P-value of Chi2: 0.0000 ***;   (df = 238)
    ns, not significant;  *, 0.01<P<0.05;  **, 0.001<P<0.01;  ***, P<0.001

  HBK 1992, Hs: 0.35231   Hst: 0.55468
  HBK 1992, Ks: 0.83535   Kst: 0.65308
  HBK 1992, Ks*: 0.37013   Kst*: 0.63621
  HBK 1992, Z: 508.62662   Z*: 5.92689
  Hudson 2000, Snn: 0.45913

 =========== Gene Flow Estimates ===========
  Genome: Diploid-Autosome 

  Haplotype Data Information
     Nei 1973
        Gst: 0.48124    Nm: 0.27
  Sequence Data Information
     Nei 1982
        DeltaSt: 0.01359    GammaSt: 0.73906    Nm: 0.09
     Lynch and Crease 1990  (with Jukes and Cantor correction)
        Nst: 0.60045    Nm: 0.17
     Hudson, Slatkin and Maddison 1992
        Fst: 0.59837    Nm: 0.17



---------------------------------------------------------------------------------------

 Population 1      Population 2          Hs        Ks        Kxy       Gst     DeltaSt   GammaSt     Nst       Fst       Dxy       Da
  
 P1_LM             P2_VC              0.00000    0.25000   0.50000   0.04000   0.00073   0.42857   0.00000   0.00000   0.00388   0.00000
 P1_LM             P3_LP              0.50000    0.66667   0.62500  -0.06667   0.00065   0.16667  -0.20000  -0.20000   0.00484  -0.00097
 P1_LM             P4_BB              0.00000    0.50000   0.50000   0.00000   0.00097   0.33333   0.00000   0.00000   0.00388   0.00000
 P1_LM             P5_T               0.00000    0.50000   1.00000   0.33333   0.00291   0.60000   0.50000   0.50000   0.00775   0.00388
 P1_LM             P6_Q               0.00000    1.00000   0.75000  -0.14286   0.00097   0.20000  -0.33333  -0.33333   0.00581  -0.00194
 P1_LM             P8_C               0.34167    0.63704   2.31250   0.17495   0.00273   0.39127   0.65823   0.65586   0.01793   0.01176
 P1_LM             P9_MA              0.40000    0.57143   0.70000  -0.04089   0.00092   0.24167   0.00150   0.00000   0.00543   0.00000
 P1_LM             P10_ET             0.00000    0.33333   0.50000   0.02041   0.00086   0.40000   0.00000   0.00000   0.00388   0.00000
 P1_LM             P11_ST             0.00000    0.33333   0.50000   0.02041   0.00086   0.40000   0.00000   0.00000   0.00388   0.00000
 P1_LM             P12_EC             0.00000    0.28571   1.50000   0.42740   0.00396   0.78125   0.66783   0.66667   0.01163   0.00775
 P1_LM             P13_SM             0.00000    1.00000   2.00000   0.00000   0.00581   0.60000   0.50327   0.50000   0.01550   0.00775
 P1_LM             P14_B              1.00000    3.60000   5.83333   0.00826   0.01416   0.43910   0.46096   0.45714   0.04522   0.02067
 P1_LM             P15_L              1.00000    2.11111   2.00000   0.02041   0.00258   0.18182   0.08263   0.08333   0.01550   0.00129
 P1_LM             P16_S              0.90000    1.57143   3.30000   0.05134   0.00737   0.44808   0.57953   0.57576   0.02558   0.01473
 P2_VC             P3_LP              0.16667    0.20000   0.25000   0.00415   0.00023   0.16667   0.00000   0.00000   0.00194   0.00000
 P2_VC             P4_BB              0.00000    0.00000   0.00000   1.00000   0.00000   0.00000   0.00000   0.00000   0.00000   0.00000
 P2_VC             P5_T               0.00000    0.00000   1.00000   1.00000   0.00291   1.00000   1.00000   1.00000   0.00775   0.00775
 P2_VC             P6_Q               0.00000    0.25000   0.50000   0.04000   0.00073   0.42857   0.00000   0.00000   0.00388   0.00000
 P2_VC             P8_C               0.26574    0.43030   1.81250   0.53184   0.00472   0.60153   0.83695   0.83678   0.01405   0.01176
 P2_VC             P9_MA              0.17143    0.18182   0.20000   0.00076   0.00015   0.12000   0.00000   0.00000   0.00155   0.00000
 P2_VC             P10_ET             0.00000    0.00000   0.00000   1.00000   0.00000   0.00000   0.00000   0.00000   0.00000   0.00000
 P2_VC             P11_ST             0.00000    0.00000   0.00000   1.00000   0.00000   0.00000   0.00000   0.00000   0.00000   0.00000
 P2_VC             P12_EC             0.00000    0.00000   1.00000   1.00000   0.00384   1.00000   1.00000   1.00000   0.00775   0.00775
 P2_VC             P13_SM             0.00000    0.25000   2.50000   0.44186   0.00654   0.87097   0.80167   0.80000   0.01938   0.01550
 P2_VC             P14_B              0.20000    1.77778   6.33333   0.40496   0.01570   0.63077   0.58084   0.57895   0.04910   0.02842
 P2_VC             P15_L              0.33333    1.06667   2.00000   0.37662   0.00372   0.37500   0.33156   0.33333   0.01550   0.00517
 P2_VC             P16_S              0.38571    0.81818   3.80000   0.40027   0.01184   0.70000   0.76518   0.76316   0.02946   0.02248
 P3_LP             P4_BB              0.50000    0.33333   0.25000   0.02041   0.00022   0.10000   0.00000   0.00000   0.00194   0.00000
 P3_LP             P5_T               0.50000    0.33333   0.75000   0.40741   0.00194   0.50000   0.66667   0.66667   0.00581   0.00388
 P3_LP             P6_Q               0.50000    0.66667   0.50000  -0.17073   0.00022   0.06250  -0.50000  -0.50000   0.00388  -0.00194
 P3_LP             P8_C               0.36146    0.57333   2.06250   0.30757   0.00396   0.49636   0.73663   0.73535   0.01599   0.01176
 P3_LP             P9_MA              0.44000    0.44444   0.45000  -0.05727   0.00039   0.12813   0.00117   0.00000   0.00349   0.00000
 P3_LP             P10_ET             0.25000    0.25000   0.25000   0.00000   0.00024   0.14286   0.00000   0.00000   0.00194   0.00000
 P3_LP             P11_ST             0.25000    0.25000   0.25000   0.00000   0.00024   0.14286   0.00000   0.00000   0.00194   0.00000
 P3_LP             P12_EC             0.20000    0.22222   1.25000   0.62520   0.00407   0.75893   0.80042   0.80000   0.00969   0.00775
 P3_LP             P13_SM             0.50000    0.66667   2.50000   0.15789   0.00711   0.68750   0.70251   0.70000   0.01938   0.01357
 P3_LP             P14_B              0.66667    2.57143   6.33333   0.14850   0.01658   0.55175   0.54269   0.53947   0.04910   0.02649
 P3_LP             P15_L              0.75000    1.58333   2.12500   0.14286   0.00363   0.28302   0.25437   0.25490   0.01647   0.00420
 P3_LP             P16_S              0.74000    1.22222   3.80000   0.17117   0.01107   0.59639   0.70041   0.69737   0.02946   0.02054
 P4_BB             P5_T               0.00000    0.00000   1.00000   1.00000   0.00388   1.00000   1.00000   1.00000   0.00775   0.00775
 P4_BB             P6_Q               0.00000    0.50000   0.50000   0.00000   0.00097   0.33333   0.00000   0.00000   0.00388   0.00000
 P4_BB             P8_C               0.34167    0.52593   1.81250   0.35194   0.00235   0.38081   0.83695   0.83678   0.01405   0.01176
 P4_BB             P9_MA              0.40000    0.28571   0.20000   0.03114   0.00013   0.06667   0.00000   0.00000   0.00155   0.00000
 P4_BB             P10_ET             0.00000    0.00000   0.00000   1.00000   0.00000   0.00000   0.00000   0.00000   0.00000   0.00000
 P4_BB             P11_ST             0.00000    0.00000   0.00000   1.00000   0.00000   0.00000   0.00000   0.00000   0.00000   0.00000
 P4_BB             P12_EC             0.00000    0.00000   1.00000   1.00000   0.00316   1.00000   1.00000   1.00000   0.00775   0.00775
 P4_BB             P13_SM             0.00000    0.50000   2.50000   0.33333   0.00872   0.81818   0.80167   0.80000   0.01938   0.01550
 P4_BB             P14_B              1.00000    3.20000   6.33333   0.28994   0.01695   0.50617   0.58084   0.57895   0.04910   0.02842
 P4_BB             P15_L              1.00000    1.77778   2.00000   0.26154   0.00345   0.25000   0.33156   0.33333   0.01550   0.00517
 P4_BB             P16_S              0.90000    1.28571   3.80000   0.27607   0.00975   0.55000   0.76518   0.76316   0.02946   0.02248
 P5_T              P6_Q               0.00000    0.50000   0.50000   0.00000   0.00097   0.33333   0.00000   0.00000   0.00388   0.00000
 P5_T              P8_C               0.34167    0.52593   2.81250   0.38437   0.00388   0.50388   0.89542   0.89481   0.02180   0.01951
 P5_T              P9_MA              0.40000    0.28571   1.20000   0.54023   0.00329   0.65000   0.83362   0.83333   0.00930   0.00775
 P5_T              P10_ET             0.00000    0.00000   1.00000   1.00000   0.00345   1.00000   1.00000   1.00000   0.00775   0.00775
 P5_T              P11_ST             0.00000    0.00000   1.00000   1.00000   0.00345   1.00000   1.00000   1.00000   0.00775   0.00775
 P5_T              P12_EC             0.00000    0.00000   2.00000   1.00000   0.00633   1.00000   1.00000   1.00000   0.01550   0.01550
 P5_T              P13_SM             0.00000    0.50000   2.50000   0.33333   0.00872   0.81818   0.80167   0.80000   0.01938   0.01550
 P5_T              P14_B              1.00000    3.20000   6.33333   0.28994   0.01695   0.50617   0.58084   0.57895   0.04910   0.02842
 P5_T              P15_L              1.00000    1.77778   2.50000   0.26154   0.00517   0.33333   0.46538   0.46667   0.01938   0.00904
 P5_T              P16_S              0.90000    1.28571   3.80000   0.27607   0.00975   0.55000   0.76518   0.76316   0.02946   0.02248
 P6_Q              P8_C               0.34167    0.63704   2.31250   0.17495   0.00273   0.39127   0.65823   0.65586   0.01793   0.01176
 P6_Q              P9_MA              0.40000    0.57143   0.70000  -0.04089   0.00092   0.24167   0.00150   0.00000   0.00543   0.00000
 P6_Q              P10_ET             0.00000    0.33333   0.50000   0.02041   0.00086   0.40000   0.00000   0.00000   0.00388   0.00000
 P6_Q              P11_ST             0.00000    0.33333   0.50000   0.02041   0.00086   0.40000   0.00000   0.00000   0.00388   0.00000
 P6_Q              P12_EC             0.00000    0.28571   1.50000   0.42740   0.00396   0.78125   0.66783   0.66667   0.01163   0.00775
 P6_Q              P13_SM             0.00000    1.00000   2.50000   0.00000   0.00775   0.66667   0.60335   0.60000   0.01938   0.01163
 P6_Q              P14_B              1.00000    3.60000   6.33333   0.00826   0.01602   0.46970   0.50454   0.50000   0.04910   0.02455
 P6_Q              P15_L              1.00000    2.11111   2.25000   0.02041   0.00345   0.22857   0.18577   0.18519   0.01744   0.00323
 P6_Q              P16_S              0.90000    1.57143   3.80000   0.05134   0.00895   0.49649   0.63564   0.63158   0.02946   0.01860
 P8_C              P9_MA              0.35196    0.54603   2.01250   0.35814   0.00443   0.53395   0.75468   0.75362   0.01560   0.01176
 P8_C              P10_ET             0.29896    0.47333   1.81250   0.46019   0.00381   0.52540   0.83695   0.83678   0.01405   0.01176
 P8_C              P11_ST             0.29896    0.47333   1.81250   0.46019   0.00381   0.52540   0.83695   0.83678   0.01405   0.01176
 P8_C              P12_EC             0.28137    0.45079   2.81250   0.53994   0.00713   0.68518   0.89542   0.89481   0.02180   0.01951
 P8_C              P13_SM             0.34167    0.63704   4.31250   0.19473   0.00580   0.57679   0.81852   0.81546   0.03343   0.02726
 P8_C              P14_B              0.38556    1.34035   8.14583   0.19534   0.01256   0.61162   0.64217   0.63632   0.06315   0.04018
 P8_C              P15_L              0.42396    1.00667   3.81250   0.20042   0.00629   0.49018   0.57573   0.57268   0.02955   0.01693
 P8_C              P16_S              0.44020    0.87937   5.61250   0.23539   0.01298   0.68627   0.79098   0.78693   0.04351   0.03424
 P9_MA             P10_ET             0.24000    0.22222   0.20000   0.00139   0.00015   0.10000   0.00000   0.00000   0.00155   0.00000
 P9_MA             P11_ST             0.24000    0.22222   0.20000   0.00139   0.00015   0.10000   0.00000   0.00000   0.00155   0.00000
 P9_MA             P12_EC             0.20000    0.20000   1.20000   0.66667   0.00403   0.76471   0.83362   0.83333   0.00930   0.00775
 P9_MA             P13_SM             0.40000    0.57143   2.70000   0.19771   0.00725   0.71563   0.74326   0.74074   0.02093   0.01550
 P9_MA             P14_B              0.55000    2.25000   6.53333   0.18919   0.01670   0.58418   0.56456   0.56122   0.05065   0.02842
 P9_MA             P15_L              0.64000    1.40741   2.20000   0.18275   0.00398   0.32500   0.30302   0.30303   0.01705   0.00517
 P9_MA             P16_S              0.65000    1.10000   4.00000   0.21212   0.01209   0.63934   0.72804   0.72500   0.03101   0.02248
 P10_ET            P11_ST             0.00000    0.00000   0.00000   1.00000   0.00000   0.00000   0.00000   0.00000   0.00000   0.00000
 P10_ET            P12_EC             0.00000    0.00000   1.00000   1.00000   0.00383   1.00000   1.00000   1.00000   0.00775   0.00775
 P10_ET            P13_SM             0.00000    0.33333   2.50000   0.40741   0.00775   0.85714   0.80167   0.80000   0.01938   0.01550
 P10_ET            P14_B              0.33333    2.28571   6.33333   0.36484   0.01730   0.59420   0.58084   0.57895   0.04910   0.02842
 P10_ET            P15_L              0.50000    1.33333   2.00000   0.33333   0.00388   0.33333   0.33156   0.33333   0.01550   0.00517
 P10_ET            P16_S              0.54000    1.00000   3.80000   0.35258   0.01179   0.65532   0.76518   0.76316   0.02946   0.02248
 P11_ST            P12_EC             0.00000    0.00000   1.00000   1.00000   0.00383   1.00000   1.00000   1.00000   0.00775   0.00775
 P11_ST            P13_SM             0.00000    0.33333   2.50000   0.40741   0.00775   0.85714   0.80167   0.80000   0.01938   0.01550
 P11_ST            P14_B              0.33333    2.28571   6.33333   0.36484   0.01730   0.59420   0.58084   0.57895   0.04910   0.02842
 P11_ST            P15_L              0.50000    1.33333   2.00000   0.33333   0.00388   0.33333   0.33156   0.33333   0.01550   0.00517
 P11_ST            P16_S              0.54000    1.00000   3.80000   0.35258   0.01179   0.65532   0.76518   0.76316   0.02946   0.02248
 P12_EC            P13_SM             0.00000    0.28571   3.50000   0.42740   0.01028   0.90278   0.85907   0.85714   0.02713   0.02326
 P12_EC            P14_B              0.25000    2.00000   7.33333   0.38776   0.02019   0.66138   0.63974   0.63636   0.05685   0.03618
 P12_EC            P15_L              0.40000    1.18519   3.00000   0.35772   0.00766   0.52632   0.55615   0.55556   0.02326   0.01292
 P12_EC            P16_S              0.45000    0.90000   4.80000   0.37931   0.01581   0.73913   0.81507   0.81250   0.03721   0.03023
 P13_SM            P14_B              1.00000    3.60000   4.50000  -0.07720   0.00920   0.33712   0.29942   0.29630   0.03488   0.01034
 P13_SM            P15_L              1.00000    2.11111   2.00000  -0.03597   0.00258   0.18182   0.08384   0.08333   0.01550   0.00129
 P13_SM            P16_S              0.90000    1.57143   3.30000   0.05134   0.00737   0.44808   0.57953   0.57576   0.02558   0.01473
 P14_B             P15_L              1.00000    3.80952   5.83333   0.00297   0.01160   0.35948   0.32060   0.31429   0.04522   0.01421
 P14_B             P16_S              0.92500    3.12500   6.66667   0.03226   0.01515   0.46667   0.47224   0.46500   0.05168   0.02403
 P15_L             P16_S              0.94000    2.18519   4.40000   0.02679   0.01026   0.43934   0.49760   0.49242   0.03411   0.01680
